c:\users\danny\onedrive\school\chapter 1 summer\intermediate programming\labs and assignments\final project\bitbank_final_project\bitbank_final_project\x64\debug\bitbankfinalproject.maininterface.resources
c:\users\danny\onedrive\school\chapter 1 summer\intermediate programming\labs and assignments\final project\bitbank_final_project\bitbank_final_project\x64\debug\bitbank_final_project.pch
c:\users\danny\onedrive\school\chapter 1 summer\intermediate programming\labs and assignments\final project\bitbank_final_project\bitbank_final_project\x64\debug\vc141.pdb
c:\users\danny\onedrive\school\chapter 1 summer\intermediate programming\labs and assignments\final project\bitbank_final_project\bitbank_final_project\x64\debug\stdafx.obj
c:\users\danny\onedrive\school\chapter 1 summer\intermediate programming\labs and assignments\final project\bitbank_final_project\bitbank_final_project\x64\debug\maininterface.obj
c:\users\danny\onedrive\school\chapter 1 summer\intermediate programming\labs and assignments\final project\bitbank_final_project\bitbank_final_project\x64\debug\dbabash.obj
c:\users\danny\onedrive\school\chapter 1 summer\intermediate programming\labs and assignments\final project\bitbank_final_project\bitbank_final_project\x64\debug\bitbank_final_project.obj
c:\users\danny\onedrive\school\chapter 1 summer\intermediate programming\labs and assignments\final project\bitbank_final_project\bitbank_final_project\x64\debug\assemblyinfo.obj
c:\users\danny\onedrive\school\chapter 1 summer\intermediate programming\labs and assignments\final project\bitbank_final_project\bitbank_final_project\x64\debug\.netframework,version=v4.6.1.assemblyattributes.obj
c:\users\danny\onedrive\school\chapter 1 summer\intermediate programming\labs and assignments\final project\bitbank_final_project\bitbank_final_project\x64\debug\.netframework,version=v4.6.1.assemblyattributes.asm
c:\users\danny\onedrive\school\chapter 1 summer\intermediate programming\labs and assignments\final project\bitbank_final_project\bitbank_final_project\x64\debug\app.res
c:\users\danny\onedrive\school\chapter 1 summer\intermediate programming\labs and assignments\final project\bitbank_final_project\bitbank_final_project\x64\debug\bitbank_final_project.vcxproj.generateresource.cache
c:\users\danny\onedrive\school\chapter 1 summer\intermediate programming\labs and assignments\final project\bitbank_final_project\bitbank_final_project\x64\debug\bitbank_final_project.vcxprojassemblyreference.cache
c:\users\danny\onedrive\school\chapter 1 summer\intermediate programming\labs and assignments\final project\bitbank_final_project\x64\debug\bitbank_final_project.pdb
c:\users\danny\onedrive\school\chapter 1 summer\intermediate programming\labs and assignments\final project\bitbank_final_project\bitbank_final_project\x64\debug\bitbank_.533f2f0d.tlog\bitbank_final_project.write.1u.tlog
c:\users\danny\onedrive\school\chapter 1 summer\intermediate programming\labs and assignments\final project\bitbank_final_project\bitbank_final_project\x64\debug\bitbank_.533f2f0d.tlog\cl.command.1.tlog
c:\users\danny\onedrive\school\chapter 1 summer\intermediate programming\labs and assignments\final project\bitbank_final_project\bitbank_final_project\x64\debug\bitbank_.533f2f0d.tlog\cl.read.1.tlog
c:\users\danny\onedrive\school\chapter 1 summer\intermediate programming\labs and assignments\final project\bitbank_final_project\bitbank_final_project\x64\debug\bitbank_.533f2f0d.tlog\cl.write.1.tlog
c:\users\danny\onedrive\school\chapter 1 summer\intermediate programming\labs and assignments\final project\bitbank_final_project\bitbank_final_project\x64\debug\bitbank_.533f2f0d.tlog\link.17624-cvtres.read.1.tlog
c:\users\danny\onedrive\school\chapter 1 summer\intermediate programming\labs and assignments\final project\bitbank_final_project\bitbank_final_project\x64\debug\bitbank_.533f2f0d.tlog\link.17624-cvtres.write.1.tlog
c:\users\danny\onedrive\school\chapter 1 summer\intermediate programming\labs and assignments\final project\bitbank_final_project\bitbank_final_project\x64\debug\bitbank_.533f2f0d.tlog\link.17624-rc.read.1.tlog
c:\users\danny\onedrive\school\chapter 1 summer\intermediate programming\labs and assignments\final project\bitbank_final_project\bitbank_final_project\x64\debug\bitbank_.533f2f0d.tlog\link.17624-rc.write.1.tlog
c:\users\danny\onedrive\school\chapter 1 summer\intermediate programming\labs and assignments\final project\bitbank_final_project\bitbank_final_project\x64\debug\bitbank_.533f2f0d.tlog\link.17624.read.1.tlog
c:\users\danny\onedrive\school\chapter 1 summer\intermediate programming\labs and assignments\final project\bitbank_final_project\bitbank_final_project\x64\debug\bitbank_.533f2f0d.tlog\link.17624.write.1.tlog
c:\users\danny\onedrive\school\chapter 1 summer\intermediate programming\labs and assignments\final project\bitbank_final_project\bitbank_final_project\x64\debug\bitbank_.533f2f0d.tlog\link.command.1.tlog
c:\users\danny\onedrive\school\chapter 1 summer\intermediate programming\labs and assignments\final project\bitbank_final_project\bitbank_final_project\x64\debug\bitbank_.533f2f0d.tlog\link.read.1.tlog
c:\users\danny\onedrive\school\chapter 1 summer\intermediate programming\labs and assignments\final project\bitbank_final_project\bitbank_final_project\x64\debug\bitbank_.533f2f0d.tlog\link.write.1.tlog
c:\users\danny\onedrive\school\chapter 1 summer\intermediate programming\labs and assignments\final project\bitbank_final_project\bitbank_final_project\x64\debug\bitbank_.533f2f0d.tlog\metagen.read.1.tlog
c:\users\danny\onedrive\school\chapter 1 summer\intermediate programming\labs and assignments\final project\bitbank_final_project\bitbank_final_project\x64\debug\bitbank_.533f2f0d.tlog\metagen.write.1.tlog
c:\users\danny\onedrive\school\chapter 1 summer\intermediate programming\labs and assignments\final project\bitbank_final_project\bitbank_final_project\x64\debug\bitbank_.533f2f0d.tlog\rc.command.1.tlog
c:\users\danny\onedrive\school\chapter 1 summer\intermediate programming\labs and assignments\final project\bitbank_final_project\bitbank_final_project\x64\debug\bitbank_.533f2f0d.tlog\rc.read.1.tlog
c:\users\danny\onedrive\school\chapter 1 summer\intermediate programming\labs and assignments\final project\bitbank_final_project\bitbank_final_project\x64\debug\bitbank_.533f2f0d.tlog\rc.write.1.tlog
